# JRE version: Java(TM) SE Runtime Environment (7.0_60-b19) (build 1.7.0_60-b19)
# Java VM: Java HotSpot(TM) 64-Bit Server VM (24.60-b09 mixed mode windows-amd64 compressed oops)
Heap
 PSYoungGen      total 142336K, used 74753K [0x00000007d6080000, 0x00000007e4c80000, 0x0000000800000000)
  eden space 131072K, 48% used [0x00000007d6080000,0x00000007d9e87710,0x00000007de080000)
  from space 11264K, 99% used [0x00000007de080000,0x00000007deb78fe8,0x00000007deb80000)
  to   space 15872K, 0% used [0x00000007e3d00000,0x00000007e3d00000,0x00000007e4c80000)
 ParOldGen       total 85504K, used 21104K [0x0000000782200000, 0x0000000787580000, 0x00000007d6080000)
  object space 85504K, 24% used [0x0000000782200000,0x000000078369c158,0x0000000787580000)
 PSPermGen       total 34816K, used 34346K [0x000000077d000000, 0x000000077f200000, 0x0000000782200000)
  object space 34816K, 98% used [0x000000077d000000,0x000000077f18ae18,0x000000077f200000)
GC Heap History (10 events):
Event: 4.670 GC heap before
{Heap before GC invocations=5 (full 0):
 PSYoungGen      total 70656K, used 70636K [0x00000007d6080000, 0x00000007daa80000, 0x0000000800000000)
  eden space 65536K, 100% used [0x00000007d6080000,0x00000007da080000,0x00000007da080000)
  from space 5120K, 99% used [0x00000007da580000,0x00000007daa7b248,0x00000007daa80000)
  to   space 5120K, 0% used [0x00000007da080000,0x00000007da080000,0x00000007da580000)
 ParOldGen       total 85504K, used 9078K [0x0000000782200000, 0x0000000787580000, 0x00000007d6080000)
  object space 85504K, 10% used [0x0000000782200000,0x0000000782addb10,0x0000000787580000)
 PSPermGen       total 22016K, used 21829K [0x000000077d000000, 0x000000077e580000, 0x0000000782200000)
  object space 22016K, 99% used [0x000000077d000000,0x000000077e551660,0x000000077e580000)
Event: 4.695 GC heap after
Heap after GC invocations=5 (full 0):
 PSYoungGen      total 70656K, used 5105K [0x00000007d6080000, 0x00000007df780000, 0x0000000800000000)
  eden space 65536K, 0% used [0x00000007d6080000,0x00000007d6080000,0x00000007da080000)
  from space 5120K, 99% used [0x00000007da080000,0x00000007da57c628,0x00000007da580000)
  to   space 11776K, 0% used [0x00000007dec00000,0x00000007dec00000,0x00000007df780000)
 ParOldGen       total 85504K, used 13509K [0x0000000782200000, 0x0000000787580000, 0x00000007d6080000)
  object space 85504K, 15% used [0x0000000782200000,0x0000000782f31598,0x0000000787580000)
 PSPermGen       total 22016K, used 21829K [0x000000077d000000, 0x000000077e580000, 0x0000000782200000)
  object space 22016K, 99% used [0x000000077d000000,0x000000077e551660,0x000000077e580000)
}
Event: 5.901 GC heap before
{Heap before GC invocations=6 (full 0):
 PSYoungGen      total 70656K, used 70641K [0x00000007d6080000, 0x00000007df780000, 0x0000000800000000)
  eden space 65536K, 100% used [0x00000007d6080000,0x00000007da080000,0x00000007da080000)
  from space 5120K, 99% used [0x00000007da080000,0x00000007da57c628,0x00000007da580000)
  to   space 11776K, 0% used [0x00000007dec00000,0x00000007dec00000,0x00000007df780000)
 ParOldGen       total 85504K, used 13509K [0x0000000782200000, 0x0000000787580000, 0x00000007d6080000)
  object space 85504K, 15% used [0x0000000782200000,0x0000000782f31598,0x0000000787580000)
 PSPermGen       total 22528K, used 22432K [0x000000077d000000, 0x000000077e600000, 0x0000000782200000)
  object space 22528K, 99% used [0x000000077d000000,0x000000077e5e81a8,0x000000077e600000)
Event: 5.927 GC heap after
Heap after GC invocations=6 (full 0):
 PSYoungGen      total 141824K, used 7389K [0x00000007d6080000, 0x00000007df680000, 0x0000000800000000)
  eden space 131072K, 0% used [0x00000007d6080000,0x00000007d6080000,0x00000007de080000)
  from space 10752K, 68% used [0x00000007dec00000,0x00000007df3375c0,0x00000007df680000)
  to   space 11264K, 0% used [0x00000007de080000,0x00000007de080000,0x00000007deb80000)
 ParOldGen       total 85504K, used 13509K [0x0000000782200000, 0x0000000787580000, 0x00000007d6080000)
  object space 85504K, 15% used [0x0000000782200000,0x0000000782f31598,0x0000000787580000)
 PSPermGen       total 22528K, used 22432K [0x000000077d000000, 0x000000077e600000, 0x0000000782200000)
  object space 22528K, 99% used [0x000000077d000000,0x000000077e5e81a8,0x000000077e600000)
}
Event: 8.453 GC heap before
{Heap before GC invocations=7 (full 0):
 PSYoungGen      total 141824K, used 138461K [0x00000007d6080000, 0x00000007df680000, 0x0000000800000000)
  eden space 131072K, 100% used [0x00000007d6080000,0x00000007de080000,0x00000007de080000)
  from space 10752K, 68% used [0x00000007dec00000,0x00000007df3375c0,0x00000007df680000)
  to   space 11264K, 0% used [0x00000007de080000,0x00000007de080000,0x00000007deb80000)
 ParOldGen       total 85504K, used 13509K [0x0000000782200000, 0x0000000787580000, 0x00000007d6080000)
  object space 85504K, 15% used [0x0000000782200000,0x0000000782f31598,0x0000000787580000)
 PSPermGen       total 28160K, used 27669K [0x000000077d000000, 0x000000077eb80000, 0x0000000782200000)
  object space 28160K, 98% used [0x000000077d000000,0x000000077eb05750,0x000000077eb80000)
Event: 8.479 GC heap after
Heap after GC invocations=7 (full 0):
 PSYoungGen      total 142336K, used 10504K [0x00000007d6080000, 0x00000007df680000, 0x0000000800000000)
  eden space 131072K, 0% used [0x00000007d6080000,0x00000007d6080000,0x00000007de080000)
  from space 11264K, 93% used [0x00000007de080000,0x00000007deac22e0,0x00000007deb80000)
  to   space 10752K, 0% used [0x00000007dec00000,0x00000007dec00000,0x00000007df680000)
 ParOldGen       total 85504K, used 15688K [0x0000000782200000, 0x0000000787580000, 0x00000007d6080000)
  object space 85504K, 18% used [0x0000000782200000,0x0000000783152160,0x0000000787580000)
 PSPermGen       total 28160K, used 27669K [0x000000077d000000, 0x000000077eb80000, 0x0000000782200000)
  object space 28160K, 98% used [0x000000077d000000,0x000000077eb05750,0x000000077eb80000)
}
Event: 11.907 GC heap before
{Heap before GC invocations=8 (full 0):
 PSYoungGen      total 142336K, used 141576K [0x00000007d6080000, 0x00000007df680000, 0x0000000800000000)
  eden space 131072K, 100% used [0x00000007d6080000,0x00000007de080000,0x00000007de080000)
  from space 11264K, 93% used [0x00000007de080000,0x00000007deac22e0,0x00000007deb80000)
  to   space 10752K, 0% used [0x00000007dec00000,0x00000007dec00000,0x00000007df680000)
 ParOldGen       total 85504K, used 15688K [0x0000000782200000, 0x0000000787580000, 0x00000007d6080000)
  object space 85504K, 18% used [0x0000000782200000,0x0000000783152160,0x0000000787580000)
 PSPermGen       total 31232K, used 31027K [0x000000077d000000, 0x000000077ee80000, 0x0000000782200000)
  object space 31232K, 99% used [0x000000077d000000,0x000000077ee4ce68,0x000000077ee80000)
Event: 11.943 GC heap after
Heap after GC invocations=8 (full 0):
 PSYoungGen      total 141824K, used 10730K [0x00000007d6080000, 0x00000007df680000, 0x0000000800000000)
  eden space 131072K, 0% used [0x00000007d6080000,0x00000007d6080000,0x00000007de080000)
  from space 10752K, 99% used [0x00000007dec00000,0x00000007df67abe8,0x00000007df680000)
  to   space 11264K, 0% used [0x00000007de080000,0x00000007de080000,0x00000007deb80000)
 ParOldGen       total 85504K, used 16774K [0x0000000782200000, 0x0000000787580000, 0x00000007d6080000)
  object space 85504K, 19% used [0x0000000782200000,0x0000000783261930,0x0000000787580000)
 PSPermGen       total 31232K, used 31027K [0x000000077d000000, 0x000000077ee80000, 0x0000000782200000)
  object space 31232K, 99% used [0x000000077d000000,0x000000077ee4ce68,0x000000077ee80000)
}
Event: 14.740 GC heap before
{Heap before GC invocations=9 (full 0):
 PSYoungGen      total 141824K, used 141802K [0x00000007d6080000, 0x00000007df680000, 0x0000000800000000)
  eden space 131072K, 100% used [0x00000007d6080000,0x00000007de080000,0x00000007de080000)
  from space 10752K, 99% used [0x00000007dec00000,0x00000007df67abe8,0x00000007df680000)
  to   space 11264K, 0% used [0x00000007de080000,0x00000007de080000,0x00000007deb80000)
 ParOldGen       total 85504K, used 16774K [0x0000000782200000, 0x0000000787580000, 0x00000007d6080000)
  object space 85504K, 19% used [0x0000000782200000,0x0000000783261930,0x0000000787580000)
 PSPermGen       total 33792K, used 33554K [0x000000077d000000, 0x000000077f100000, 0x0000000782200000)
  object space 33792K, 99% used [0x000000077d000000,0x000000077f0c4840,0x000000077f100000)
Event: 14.777 GC heap after
Heap after GC invocations=9 (full 0):
 PSYoungGen      total 142336K, used 11235K [0x00000007d6080000, 0x00000007e4c80000, 0x0000000800000000)
  eden space 131072K, 0% used [0x00000007d6080000,0x00000007d6080000,0x00000007de080000)
  from space 11264K, 99% used [0x00000007de080000,0x00000007deb78fe8,0x00000007deb80000)
  to   space 15872K, 0% used [0x00000007e3d00000,0x00000007e3d00000,0x00000007e4c80000)
 ParOldGen       total 85504K, used 21104K [0x0000000782200000, 0x0000000787580000, 0x00000007d6080000)
  object space 85504K, 24% used [0x0000000782200000,0x000000078369c158,0x0000000787580000)
 PSPermGen       total 33792K, used 33554K [0x000000077d000000, 0x000000077f100000, 0x0000000782200000)
  object space 33792K, 99% used [0x000000077d000000,0x000000077f0c4840,0x000000077f100000)
}

